2018-02-06T16:21:37.532Z - [32minfo[39m: [SERVER] Wiki.js is initializing...
2018-02-06T16:21:37.778Z - [32minfo[39m: [SERVER] Checking data directories...
2018-02-06T16:21:37.782Z - [32minfo[39m: [SERVER] Data and Repository directories are OK.
2018-02-06T16:21:38.185Z - [32minfo[39m: [SERVER] Checking Git repository...
2018-02-06T16:21:39.829Z - [32minfo[39m: [SERVER] Starting HTTP/WS server on port 3000...
2018-02-06T16:21:39.859Z - [32minfo[39m: [SERVER] HTTP/WS server started successfully! [RUNNING]
2018-02-06T16:21:40.016Z - [32minfo[39m: [SERVER] Search index flushed and ready.
2018-02-06T16:21:40.217Z - [32minfo[39m: [SERVER] Git repository is OK.
2018-02-06T16:21:40.319Z - [32minfo[39m: [AGENT] Background Agent is initializing...
2018-02-06T16:21:41.464Z - [32minfo[39m: [AGENT] Checking Git repository...
2018-02-06T16:21:42.978Z - [32minfo[39m: [AGENT] Running all jobs...
2018-02-06T16:21:42.979Z - [32minfo[39m: [AGENT] Performing pull from remote Git repository...
2018-02-06T16:21:43.021Z - [32minfo[39m: [AGENT] Git repository is OK.
2018-02-06T16:21:43.427Z - [32minfo[39m: [AGENT] Git Pull completed.
2018-02-06T16:21:43.438Z - [32minfo[39m: [AGENT] Git Push skipped. Repository is already in sync.
2018-02-06T16:21:43.737Z - [32minfo[39m: [AGENT] All jobs completed successfully! Going to sleep for now.
2018-02-06T16:22:19.138Z - [32minfo[39m: [SERVER] - SHUTTING DOWN - Terminating Background Agent...
2018-02-06T16:22:19.138Z - [32minfo[39m: [SERVER] - SHUTTING DOWN - Performing git sync...
2018-02-06T16:22:19.139Z - [32minfo[39m: [SERVER] Performing pull from remote Git repository...
2018-02-06T16:22:19.604Z - [32minfo[39m: [SERVER] Git Pull completed.
2018-02-06T16:22:19.615Z - [32minfo[39m: [SERVER] Git Push skipped. Repository is already in sync.
2018-02-06T16:22:19.616Z - [32minfo[39m: [SERVER] - SHUTTING DOWN - Git sync successful. Now safe to exit.
